#
# There is insufficient memory for the Java Runtime Environment to continue.
# Native memory allocation (malloc) failed to allocate 1048576 bytes for AllocateHeap
# Possible reasons:
#   The system is out of physical RAM or swap space
#   The process is running with CompressedOops enabled, and the Java Heap may be blocking the growth of the native heap
# Possible solutions:
#   Reduce memory load on the system
#   Increase physical memory or swap space
#   Check if swap backing store is full
#   Decrease Java heap size (-Xmx/-Xms)
#   Decrease number of Java threads
#   Decrease Java thread stack sizes (-Xss)
#   Set larger code cache with -XX:ReservedCodeCacheSize=
#   JVM is running with Unscaled Compressed Oops mode in which the Java heap is
#     placed in the first 4GB address space. The Java Heap base address is the
#     maximum limit for the native heap growth. Please use -XX:HeapBaseMinAddress
#     to set the Java Heap base and to place the Java Heap above 4GB virtual address.
# This output file may be truncated or incomplete.
#
#  Out of Memory Error (allocation.cpp:44), pid=7272, tid=8324
#
# JRE version:  (17.0.10+7) (build )
# Java VM: OpenJDK 64-Bit Server VM (17.0.10+7, mixed mode, tiered, compressed oops, compressed class ptrs, parallel gc, windows-amd64)
# No core dump will be written. Minidumps are not enabled by default on client versions of Windows
#

---------------  S U M M A R Y ------------

Command Line: --add-modules=ALL-SYSTEM --add-opens=java.base/java.util=ALL-UNNAMED --add-opens=java.base/java.lang=ALL-UNNAMED --add-opens=java.base/sun.nio.fs=ALL-UNNAMED -Declipse.application=org.eclipse.jdt.ls.core.id1 -Dosgi.bundles.defaultStartLevel=4 -Declipse.product=org.eclipse.jdt.ls.core.product -Djava.import.generatesMetadataFilesAtProjectRoot=false -DDetectVMInstallationsJob.disabled=true -Dfile.encoding=utf8 -XX:+UseParallelGC -XX:GCTimeRatio=4 -XX:AdaptiveSizePolicyWeight=90 -Dsun.zip.disableMemoryMapping=true -Xmx1G -Xms100m -Xlog:disable -javaagent:c:\Users\anony\.vscode\extensions\redhat.java-1.30.0-win32-x64\lombok\lombok-1.18.32.jar -XX:+HeapDumpOnOutOfMemoryError -XX:HeapDumpPath=c:\Users\anony\AppData\Roaming\Code\User\workspaceStorage\ceb1e357988220d2b34387805a3fb39e\redhat.java -Daether.dependencyCollector.impl=bf c:\Users\anony\.vscode\extensions\redhat.java-1.30.0-win32-x64\server\plugins\org.eclipse.equinox.launcher_1.6.800.v20240330-1250.jar -configuration c:\Users\anony\AppData\Roaming\Code\User\globalStorage\redhat.java\1.30.0\config_win -data c:\Users\anony\AppData\Roaming\Code\User\workspaceStorage\ceb1e357988220d2b34387805a3fb39e\redhat.java\jdt_ws --pipe=\\.\pipe\lsp-d885285f84e9f9ce7e50779d7ac403dc-sock

Host: Intel(R) Pentium(R) CPU 6405U @ 2.40GHz, 4 cores, 3G,  Windows 11 , 64 bit Build 22621 (10.0.22621.3527)
Time: Sun May 26 17:40:41 2024 Hora est. Pacífico, Sudamérica elapsed time: 0.074543 seconds (0d 0h 0m 0s)

---------------  T H R E A D  ---------------

Current thread (0x00000286b04ff2e0):  JavaThread "Unknown thread" [_thread_in_vm, id=8324, stack(0x000000e61f700000,0x000000e61f800000)]

Stack: [0x000000e61f700000,0x000000e61f800000]
Native frames: (J=compiled Java code, j=interpreted, Vv=VM code, C=native code)
V  [jvm.dll+0x67d2c9]
V  [jvm.dll+0x834afa]
V  [jvm.dll+0x8365be]
V  [jvm.dll+0x836c23]
V  [jvm.dll+0x2477ff]
V  [jvm.dll+0xa6c93]
V  [jvm.dll+0x6bae63]
V  [jvm.dll+0x6bb9df]
V  [jvm.dll+0x689a48]
V  [jvm.dll+0x806a7b]
V  [jvm.dll+0x36c774]
V  [jvm.dll+0x7e4e06]
V  [jvm.dll+0x3eff3f]
V  [jvm.dll+0x3f1b71]
C  [jli.dll+0x528f]
C  [ucrtbase.dll+0x29333]
C  [KERNEL32.DLL+0x1257d]
C  [ntdll.dll+0x5aa48]


---------------  P R O C E S S  ---------------

Threads class SMR info:
_java_thread_list=0x00007fff0fb6ee98, length=0, elements={
}

Java Threads: ( => current thread )

Other Threads:
  0x00000286b0514c90 GCTaskThread "GC Thread#0" [stack: 0x000000e61f800000,0x000000e61f900000] [id=20112]

=>0x00000286b04ff2e0 (exited) JavaThread "Unknown thread" [_thread_in_vm, id=8324, stack(0x000000e61f700000,0x000000e61f800000)]

Threads with active compile tasks:

VM state: not at safepoint (normal execution)

VM Mutex/Monitor currently owned by a thread: None

Heap address: 0x00000000c0000000, size: 1024 MB, Compressed Oops mode: 32-bit

CDS archive(s) not mapped
Compressed class space mapped at: 0x0000000100000000-0x0000000140000000, reserved size: 1073741824
Narrow klass base: 0x0000000000000000, Narrow klass shift: 3, Narrow klass range: 0x140000000

GC Precious Log:
 CPUs: 4 total, 4 available
 Memory: 3900M
 Large Page Support: Disabled
 NUMA Support: Disabled
 Compressed Oops: Enabled (32-bit)
 Alignments: Space 512K, Generation 512K, Heap 2M
 Heap Min Capacity: 100M
 Heap Initial Capacity: 100M
 Heap Max Capacity: 1G
 Pre-touch: Disabled
 Parallel Workers: 4

Heap:
 PSYoungGen      total 29696K, used 512K [0x00000000eab00000, 0x00000000ecc00000, 0x0000000100000000)
  eden space 25600K, 2% used [0x00000000eab00000,0x00000000eab80070,0x00000000ec400000)
  from space 4096K, 0% used [0x00000000ec800000,0x00000000ec800000,0x00000000ecc00000)
  to   space 4096K, 0% used [0x00000000ec400000,0x00000000ec400000,0x00000000ec800000)
 ParOldGen       total 68608K, used 0K [0x00000000c0000000, 0x00000000c4300000, 0x00000000eab00000)
  object space 68608K, 0% used [0x00000000c0000000,0x00000000c0000000,0x00000000c4300000)
 Metaspace       used 1149K, committed 1216K, reserved 1114112K
  class space    used 101K, committed 128K, reserved 1048576K

Card table byte_map: [0x00000286afe90000,0x00000286b00a0000] _byte_map_base: 0x00000286af890000

Marking Bits: (ParMarkBitMap*) 0x00007fff0fbdd7d0
 Begin Bits: [0x00000286c2190000, 0x00000286c3190000)
 End Bits:   [0x00000286c3190000, 0x00000286c4190000)

Polling page: 0x00000286ae470000

Metaspace:

Usage:
  Non-class:      1.02 MB used.
      Class:    101.05 KB used.
       Both:      1.12 MB used.

Virtual space:
  Non-class space:       64.00 MB reserved,       1.06 MB (  2%) committed,  1 nodes.
      Class space:        1.00 GB reserved,     128.00 KB ( <1%) committed,  1 nodes.
             Both:        1.06 GB reserved,       1.19 MB ( <1%) committed. 

Chunk freelists:
   Non-Class:  12.00 MB
       Class:  15.75 MB
        Both:  27.75 MB

MaxMetaspaceSize: unlimited
CompressedClassSpaceSize: 1.00 GB
Initial GC threshold: 21.00 MB
Current GC threshold: 17179869184.00 GB
CDS: off
MetaspaceReclaimPolicy: balanced
 - commit_granule_bytes: 65536.
 - commit_granule_words: 8192.
 - virtual_space_node_default_size: 8388608.
 - enlarge_chunks_in_place: 1.
 - new_chunks_are_fully_committed: 0.
 - uncommit_free_chunks: 1.
 - use_allocation_guard: 0.
 - handle_deallocations: 1.


Internal statistics:

num_allocs_failed_limit: 0.
num_arena_births: 2.
num_arena_deaths: 0.
num_vsnodes_births: 2.
num_vsnodes_deaths: 0.
num_space_committed: 19.
num_space_uncommitted: 0.
num_chunks_returned_to_freelist: 0.
num_chunks_taken_from_freelist: 3.
num_chunk_merges: 0.
num_chunk_splits: 2.
num_chunks_enlarged: 0.
num_inconsistent_stats: 0.

CodeHeap 'non-profiled nmethods': size=120000Kb used=0Kb max_used=0Kb free=120000Kb
 bounds [0x00000286bac60000, 0x00000286baed0000, 0x00000286c2190000]
CodeHeap 'profiled nmethods': size=120000Kb used=0Kb max_used=0Kb free=120000Kb
 bounds [0x00000286b3190000, 0x00000286b3400000, 0x00000286ba6c0000]
CodeHeap 'non-nmethods': size=5760Kb used=199Kb max_used=352Kb free=5560Kb
 bounds [0x00000286ba6c0000, 0x00000286ba930000, 0x00000286bac60000]
 total_blobs=65 nmethods=0 adapters=47
 compilation: enabled
              stopped_count=0, restarted_count=0
 full_count=0

Compilation events (0 events):
No events

GC Heap History (0 events):
No events

Dll operation events (1 events):
Event: 0.014 Loaded shared library c:\Users\anony\.vscode\extensions\redhat.java-1.30.0-win32-x64\jre\17.0.10-win32-x86_64\bin\java.dll

Deoptimization events (0 events):
No events

Classes unloaded (0 events):
No events

Classes redefined (0 events):
No events

Internal exceptions (0 events):
No events

VM Operations (0 events):
No events

Events (20 events):
Event: 0.058 loading class java/lang/Long
Event: 0.058 loading class java/lang/Long done
Event: 0.058 loading class java/util/Iterator
Event: 0.058 loading class java/util/Iterator done
Event: 0.058 loading class java/lang/reflect/RecordComponent
Event: 0.058 loading class java/lang/reflect/RecordComponent done
Event: 0.058 loading class jdk/internal/vm/vector/VectorSupport
Event: 0.059 loading class jdk/internal/vm/vector/VectorSupport done
Event: 0.059 loading class jdk/internal/vm/vector/VectorSupport$VectorPayload
Event: 0.059 loading class jdk/internal/vm/vector/VectorSupport$VectorPayload done
Event: 0.059 loading class jdk/internal/vm/vector/VectorSupport$Vector
Event: 0.059 loading class jdk/internal/vm/vector/VectorSupport$Vector done
Event: 0.059 loading class jdk/internal/vm/vector/VectorSupport$VectorMask
Event: 0.059 loading class jdk/internal/vm/vector/VectorSupport$VectorMask done
Event: 0.059 loading class jdk/internal/vm/vector/VectorSupport$VectorShuffle
Event: 0.059 loading class jdk/internal/vm/vector/VectorSupport$VectorShuffle done
Event: 0.063 loading class java/lang/NullPointerException
Event: 0.063 loading class java/lang/NullPointerException done
Event: 0.063 loading class java/lang/ArithmeticException
Event: 0.063 loading class java/lang/ArithmeticException done


Dynamic libraries:
0x00007ff6f0390000 - 0x00007ff6f039e000 	c:\Users\anony\.vscode\extensions\redhat.java-1.30.0-win32-x64\jre\17.0.10-win32-x86_64\bin\java.exe
0x00007fff76370000 - 0x00007fff76587000 	C:\WINDOWS\SYSTEM32\ntdll.dll
0x00007fff751d0000 - 0x00007fff75294000 	C:\WINDOWS\System32\KERNEL32.DLL
0x00007fff73b80000 - 0x00007fff73f27000 	C:\WINDOWS\System32\KERNELBASE.dll
0x00007fff73a60000 - 0x00007fff73b71000 	C:\WINDOWS\System32\ucrtbase.dll
0x00007fff63770000 - 0x00007fff6378b000 	c:\Users\anony\.vscode\extensions\redhat.java-1.30.0-win32-x64\jre\17.0.10-win32-x86_64\bin\VCRUNTIME140.dll
0x00007fff6b380000 - 0x00007fff6b397000 	c:\Users\anony\.vscode\extensions\redhat.java-1.30.0-win32-x64\jre\17.0.10-win32-x86_64\bin\jli.dll
0x00007fff74800000 - 0x00007fff749ae000 	C:\WINDOWS\System32\USER32.dll
0x00007fff73870000 - 0x00007fff73896000 	C:\WINDOWS\System32\win32u.dll
0x00007fff76300000 - 0x00007fff76329000 	C:\WINDOWS\System32\GDI32.dll
0x00007fff73940000 - 0x00007fff73a59000 	C:\WINDOWS\System32\gdi32full.dll
0x00007fff738a0000 - 0x00007fff7393a000 	C:\WINDOWS\System32\msvcp_win.dll
0x00007fff5ca40000 - 0x00007fff5ccd3000 	C:\WINDOWS\WinSxS\amd64_microsoft.windows.common-controls_6595b64144ccf1df_6.0.22621.3527_none_270e469b73872a76\COMCTL32.dll
0x00007fff740f0000 - 0x00007fff74197000 	C:\WINDOWS\System32\msvcrt.dll
0x00007fff75310000 - 0x00007fff75341000 	C:\WINDOWS\System32\IMM32.DLL
0x00007fff705d0000 - 0x00007fff705dc000 	c:\Users\anony\.vscode\extensions\redhat.java-1.30.0-win32-x64\jre\17.0.10-win32-x86_64\bin\vcruntime140_1.dll
0x00007fff42ac0000 - 0x00007fff42b4d000 	c:\Users\anony\.vscode\extensions\redhat.java-1.30.0-win32-x64\jre\17.0.10-win32-x86_64\bin\msvcp140.dll
0x00007fff0f040000 - 0x00007fff0fca2000 	c:\Users\anony\.vscode\extensions\redhat.java-1.30.0-win32-x64\jre\17.0.10-win32-x86_64\bin\server\jvm.dll
0x00007fff74aa0000 - 0x00007fff74b52000 	C:\WINDOWS\System32\ADVAPI32.dll
0x00007fff74750000 - 0x00007fff747f8000 	C:\WINDOWS\System32\sechost.dll
0x00007fff74070000 - 0x00007fff74098000 	C:\WINDOWS\System32\bcrypt.dll
0x00007fff75670000 - 0x00007fff75785000 	C:\WINDOWS\System32\RPCRT4.dll
0x00007fff67f70000 - 0x00007fff67f7a000 	C:\WINDOWS\SYSTEM32\VERSION.dll
0x00007fff6ac30000 - 0x00007fff6ac64000 	C:\WINDOWS\SYSTEM32\WINMM.dll
0x00007fff6e660000 - 0x00007fff6e669000 	C:\WINDOWS\SYSTEM32\WSOCK32.dll
0x00007fff74340000 - 0x00007fff743b1000 	C:\WINDOWS\System32\WS2_32.dll
0x00007fff73550000 - 0x00007fff7359d000 	C:\WINDOWS\SYSTEM32\POWRPROF.dll
0x00007fff73530000 - 0x00007fff73543000 	C:\WINDOWS\SYSTEM32\UMPDC.dll
0x00007fff726b0000 - 0x00007fff726c8000 	C:\WINDOWS\SYSTEM32\kernel.appcore.dll
0x00007fff6db00000 - 0x00007fff6db0a000 	c:\Users\anony\.vscode\extensions\redhat.java-1.30.0-win32-x64\jre\17.0.10-win32-x86_64\bin\jimage.dll
0x00007fff71000000 - 0x00007fff71232000 	C:\WINDOWS\SYSTEM32\DBGHELP.DLL
0x00007fff743c0000 - 0x00007fff74748000 	C:\WINDOWS\System32\combase.dll
0x00007fff750f0000 - 0x00007fff751c7000 	C:\WINDOWS\System32\OLEAUT32.dll
0x00007fff53fc0000 - 0x00007fff53ff2000 	C:\WINDOWS\SYSTEM32\dbgcore.DLL
0x00007fff73f30000 - 0x00007fff73fa9000 	C:\WINDOWS\System32\bcryptPrimitives.dll
0x00007fff6bf20000 - 0x00007fff6bf2e000 	c:\Users\anony\.vscode\extensions\redhat.java-1.30.0-win32-x64\jre\17.0.10-win32-x86_64\bin\instrument.dll
0x00007fff54030000 - 0x00007fff54055000 	c:\Users\anony\.vscode\extensions\redhat.java-1.30.0-win32-x64\jre\17.0.10-win32-x86_64\bin\java.dll
0x00007fff633c0000 - 0x00007fff633d8000 	c:\Users\anony\.vscode\extensions\redhat.java-1.30.0-win32-x64\jre\17.0.10-win32-x86_64\bin\zip.dll

dbghelp: loaded successfully - version: 4.0.5 - missing functions: none
symbol engine: initialized successfully - sym options: 0x614 - pdb path: .;c:\Users\anony\.vscode\extensions\redhat.java-1.30.0-win32-x64\jre\17.0.10-win32-x86_64\bin;C:\WINDOWS\SYSTEM32;C:\WINDOWS\WinSxS\amd64_microsoft.windows.common-controls_6595b64144ccf1df_6.0.22621.3527_none_270e469b73872a76;c:\Users\anony\.vscode\extensions\redhat.java-1.30.0-win32-x64\jre\17.0.10-win32-x86_64\bin\server

VM Arguments:
jvm_args: --add-modules=ALL-SYSTEM --add-opens=java.base/java.util=ALL-UNNAMED --add-opens=java.base/java.lang=ALL-UNNAMED --add-opens=java.base/sun.nio.fs=ALL-UNNAMED -Declipse.application=org.eclipse.jdt.ls.core.id1 -Dosgi.bundles.defaultStartLevel=4 -Declipse.product=org.eclipse.jdt.ls.core.product -Djava.import.generatesMetadataFilesAtProjectRoot=false -DDetectVMInstallationsJob.disabled=true -Dfile.encoding=utf8 -XX:+UseParallelGC -XX:GCTimeRatio=4 -XX:AdaptiveSizePolicyWeight=90 -Dsun.zip.disableMemoryMapping=true -Xmx1G -Xms100m -Xlog:disable -javaagent:c:\Users\anony\.vscode\extensions\redhat.java-1.30.0-win32-x64\lombok\lombok-1.18.32.jar -XX:+HeapDumpOnOutOfMemoryError -XX:HeapDumpPath=c:\Users\anony\AppData\Roaming\Code\User\workspaceStorage\ceb1e357988220d2b34387805a3fb39e\redhat.java -Daether.dependencyCollector.impl=bf 
java_command: c:\Users\anony\.vscode\extensions\redhat.java-1.30.0-win32-x64\server\plugins\org.eclipse.equinox.launcher_1.6.800.v20240330-1250.jar -configuration c:\Users\anony\AppData\Roaming\Code\User\globalStorage\redhat.java\1.30.0\config_win -data c:\Users\anony\AppData\Roaming\Code\User\workspaceStorage\ceb1e357988220d2b34387805a3fb39e\redhat.java\jdt_ws --pipe=\\.\pipe\lsp-d885285f84e9f9ce7e50779d7ac403dc-sock
java_class_path (initial): c:\Users\anony\.vscode\extensions\redhat.java-1.30.0-win32-x64\server\plugins\org.eclipse.equinox.launcher_1.6.800.v20240330-1250.jar
Launcher Type: SUN_STANDARD

[Global flags]
    uintx AdaptiveSizePolicyWeight                 = 90                                        {product} {command line}
     intx CICompilerCount                          = 3                                         {product} {ergonomic}
    uintx GCTimeRatio                              = 4                                         {product} {command line}
     bool HeapDumpOnOutOfMemoryError               = true                                   {manageable} {command line}
    ccstr HeapDumpPath                             = c:\Users\anony\AppData\Roaming\Code\User\workspaceStorage\ceb1e357988220d2b34387805a3fb39e\redhat.java         {manageable} {command line}
   size_t InitialHeapSize                          = 104857600                                 {product} {command line}
   size_t MaxHeapSize                              = 1073741824                                {product} {command line}
   size_t MaxNewSize                               = 357564416                                 {product} {ergonomic}
   size_t MinHeapDeltaBytes                        = 524288                                    {product} {ergonomic}
   size_t MinHeapSize                              = 104857600                                 {product} {command line}
   size_t NewSize                                  = 34603008                                  {product} {ergonomic}
    uintx NonNMethodCodeHeapSize                   = 5832780                                {pd product} {ergonomic}
    uintx NonProfiledCodeHeapSize                  = 122912730                              {pd product} {ergonomic}
   size_t OldSize                                  = 70254592                                  {product} {ergonomic}
    uintx ProfiledCodeHeapSize                     = 122912730                              {pd product} {ergonomic}
    uintx ReservedCodeCacheSize                    = 251658240                              {pd product} {ergonomic}
     bool SegmentedCodeCache                       = true                                      {product} {ergonomic}
   size_t SoftMaxHeapSize                          = 1073741824                             {manageable} {ergonomic}
     bool UseCompressedClassPointers               = true                           {product lp64_product} {ergonomic}
     bool UseCompressedOops                        = true                           {product lp64_product} {ergonomic}
     bool UseLargePagesIndividualAllocation        = false                                  {pd product} {ergonomic}
     bool UseParallelGC                            = true                                      {product} {command line}

Logging:
Log output configuration:
 #0: stdout all=off uptime,level,tags
 #1: stderr all=off uptime,level,tags

Environment Variables:
JAVA_HOME=C:\Program Files\Java\jdk-21
PATH=C:\Program Files\Common Files\Oracle\Java\javapath;C:\WINDOWS\system32;C:\WINDOWS;C:\WINDOWS\System32\Wbem;C:\WINDOWS\System32\WindowsPowerShell\v1.0\;C:\WINDOWS\System32\OpenSSH\;C:\Program Files\Git\cmd;C:\Program Files\apache-maven-3.9.4\bin;C:\Program Files\Java\jdk-21\bin;C:\Program Files\nodejs\;C:\Program Files\MATLAB\R2023b\bin;C:\Users\anony\AppData\Local\Microsoft\WindowsApps;C:\Program Files\apache-maven-3.9.4\bin;C:\Program Files\JetBrains\IntelliJ IDEA 2023.2.5\bin;;C:\Users\anony\AppData\Roaming\npm;C:\Users\anony\AppData\Local\Programs\Microsoft VS Code\bin
USERNAME=anony
OS=Windows_NT
PROCESSOR_IDENTIFIER=Intel64 Family 6 Model 142 Stepping 12, GenuineIntel
TMP=C:\Users\anony\AppData\Local\Temp
TEMP=C:\Users\anony\AppData\Local\Temp



Periodic native trim disabled


---------------  S Y S T E M  ---------------

OS:
 Windows 11 , 64 bit Build 22621 (10.0.22621.3527)
OS uptime: 8 days 19:45 hours

CPU: total 4 (initial active 4) (2 cores per cpu, 2 threads per core) family 6 model 142 stepping 12 microcode 0xde, cx8, cmov, fxsr, ht, mmx, 3dnowpref, sse, sse2, sse3, ssse3, sse4.1, sse4.2, popcnt, lzcnt, tsc, tscinvbit, aes, erms, clmul, clflush, clflushopt
Processor Information for all 4 processors :
  Max Mhz: 2400, Current Mhz: 2400, Mhz Limit: 2400

Memory: 4k page, system-wide physical 3900M (98M free)
TotalPageFile size 15676M (AvailPageFile size 6M)
current process WorkingSet (physical memory assigned to process): 16M, peak: 16M
current process commit charge ("private bytes"): 161M, peak: 162M

vm_info: OpenJDK 64-Bit Server VM (17.0.10+7) for windows-amd64 JRE (17.0.10+7), built on Jan 16 2024 23:25:11 by "admin" with MS VC++ 16.10 / 16.11 (VS2019)

END.
